mode: set
tablepro/internal/connection/config_path.go:12.38,14.16 2 0
tablepro/internal/connection/config_path.go:14.16,16.3 1 0
tablepro/internal/connection/config_path.go:18.2,20.22 2 0
tablepro/internal/connection/config_path.go:21.16,23.83 1 0
tablepro/internal/connection/config_path.go:24.17,27.20 2 0
tablepro/internal/connection/config_path.go:27.20,29.4 1 0
tablepro/internal/connection/config_path.go:30.3,30.49 1 0
tablepro/internal/connection/config_path.go:31.10,35.22 2 0
tablepro/internal/connection/config_path.go:35.22,37.4 1 0
tablepro/internal/connection/config_path.go:37.9,39.4 1 0
tablepro/internal/connection/config_path.go:42.2,42.58 1 0
tablepro/internal/connection/config_path.go:46.37,48.16 2 0
tablepro/internal/connection/config_path.go:48.16,50.3 1 0
tablepro/internal/connection/config_path.go:52.2,54.22 2 0
tablepro/internal/connection/config_path.go:55.16,56.83 1 0
tablepro/internal/connection/config_path.go:57.17,59.20 2 0
tablepro/internal/connection/config_path.go:59.20,61.4 1 0
tablepro/internal/connection/config_path.go:62.3,62.49 1 0
tablepro/internal/connection/config_path.go:63.10,65.22 2 0
tablepro/internal/connection/config_path.go:65.22,67.4 1 0
tablepro/internal/connection/config_path.go:67.9,69.4 1 0
tablepro/internal/connection/config_path.go:72.2,72.23 1 0
tablepro/internal/connection/keychain.go:23.40,25.2 1 0
tablepro/internal/connection/keychain.go:27.40,29.2 1 0
tablepro/internal/connection/keychain.go:38.46,40.2 1 0
tablepro/internal/connection/keychain.go:43.66,44.30 1 0
tablepro/internal/connection/keychain.go:44.30,46.3 1 0
tablepro/internal/connection/keychain.go:48.2,48.20 1 0
tablepro/internal/connection/keychain.go:48.20,50.3 1 0
tablepro/internal/connection/keychain.go:52.2,55.16 3 0
tablepro/internal/connection/keychain.go:55.16,57.3 1 0
tablepro/internal/connection/keychain.go:59.2,59.12 1 0
tablepro/internal/connection/keychain.go:63.58,64.30 1 0
tablepro/internal/connection/keychain.go:64.30,66.3 1 0
tablepro/internal/connection/keychain.go:68.2,71.16 3 0
tablepro/internal/connection/keychain.go:71.16,73.3 1 0
tablepro/internal/connection/keychain.go:75.2,75.20 1 0
tablepro/internal/connection/keychain.go:79.51,80.30 1 0
tablepro/internal/connection/keychain.go:80.30,82.3 1 0
tablepro/internal/connection/keychain.go:84.2,87.16 3 0
tablepro/internal/connection/keychain.go:87.16,89.3 1 0
tablepro/internal/connection/keychain.go:91.2,91.12 1 0
tablepro/internal/connection/keychain.go:95.47,96.30 1 0
tablepro/internal/connection/keychain.go:96.30,98.3 1 0
tablepro/internal/connection/keychain.go:100.2,102.19 3 0
tablepro/internal/connection/keychain.go:106.61,107.16 1 0
tablepro/internal/connection/keychain.go:107.16,109.3 1 0
tablepro/internal/connection/keychain.go:111.2,113.9 2 0
tablepro/internal/connection/keychain.go:114.52,118.4 1 0
tablepro/internal/connection/keychain.go:119.45,123.4 1 0
tablepro/internal/connection/keychain.go:124.50,128.4 1 0
tablepro/internal/connection/keychain.go:129.44,133.4 1 0
tablepro/internal/connection/keychain.go:134.47,138.4 1 0
tablepro/internal/connection/keychain.go:139.10,143.4 1 0
tablepro/internal/connection/manager.go:29.57,31.16 2 0
tablepro/internal/connection/manager.go:31.16,33.3 1 0
tablepro/internal/connection/manager.go:35.2,42.35 2 0
tablepro/internal/connection/manager.go:42.35,44.26 1 0
tablepro/internal/connection/manager.go:44.26,46.4 1 0
tablepro/internal/connection/manager.go:49.2,49.17 1 0
tablepro/internal/connection/manager.go:53.66,54.17 1 0
tablepro/internal/connection/manager.go:54.17,56.3 1 0
tablepro/internal/connection/manager.go:59.2,59.19 1 0
tablepro/internal/connection/manager.go:59.19,61.3 1 0
tablepro/internal/connection/manager.go:64.2,64.41 1 0
tablepro/internal/connection/manager.go:64.41,66.3 1 0
tablepro/internal/connection/manager.go:68.2,73.20 4 0
tablepro/internal/connection/manager.go:77.42,82.16 4 0
tablepro/internal/connection/manager.go:82.16,84.3 1 0
tablepro/internal/connection/manager.go:86.2,87.59 2 0
tablepro/internal/connection/manager.go:87.59,89.3 1 0
tablepro/internal/connection/manager.go:91.2,92.35 2 0
tablepro/internal/connection/manager.go:92.35,93.35 1 0
tablepro/internal/connection/manager.go:93.35,95.4 1 0
tablepro/internal/connection/manager.go:98.2,98.12 1 0
tablepro/internal/connection/manager.go:102.56,103.20 1 0
tablepro/internal/connection/manager.go:103.20,105.3 1 0
tablepro/internal/connection/manager.go:107.2,112.13 5 0
tablepro/internal/connection/manager.go:112.13,114.3 1 0
tablepro/internal/connection/manager.go:117.2,117.23 1 0
tablepro/internal/connection/manager.go:117.23,121.23 3 0
tablepro/internal/connection/manager.go:121.23,124.4 2 0
tablepro/internal/connection/manager.go:127.2,129.20 2 0
tablepro/internal/connection/manager.go:133.82,134.20 1 0
tablepro/internal/connection/manager.go:134.20,136.3 1 0
tablepro/internal/connection/manager.go:138.2,143.13 5 0
tablepro/internal/connection/manager.go:143.13,145.3 1 0
tablepro/internal/connection/manager.go:148.2,167.47 2 0
tablepro/internal/connection/manager.go:167.47,169.109 2 0
tablepro/internal/connection/manager.go:169.109,172.4 2 0
tablepro/internal/connection/manager.go:176.2,177.100 2 0
tablepro/internal/connection/manager.go:177.100,180.3 2 0
tablepro/internal/connection/manager.go:182.2,182.21 1 0
tablepro/internal/connection/manager.go:186.68,187.17 1 0
tablepro/internal/connection/manager.go:187.17,189.3 1 0
tablepro/internal/connection/manager.go:191.2,191.19 1 0
tablepro/internal/connection/manager.go:191.19,193.3 1 0
tablepro/internal/connection/manager.go:196.2,196.41 1 0
tablepro/internal/connection/manager.go:196.41,198.3 1 0
tablepro/internal/connection/manager.go:200.2,203.50 3 0
tablepro/internal/connection/manager.go:203.50,205.3 1 0
tablepro/internal/connection/manager.go:207.2,209.20 2 0
tablepro/internal/connection/manager.go:213.70,214.17 1 0
tablepro/internal/connection/manager.go:214.17,216.3 1 0
tablepro/internal/connection/manager.go:218.2,218.21 1 0
tablepro/internal/connection/manager.go:218.21,220.3 1 0
tablepro/internal/connection/manager.go:222.2,222.21 1 0
tablepro/internal/connection/manager.go:222.21,224.3 1 0
tablepro/internal/connection/manager.go:227.2,227.19 1 0
tablepro/internal/connection/manager.go:228.30,230.46 1 0
tablepro/internal/connection/manager.go:230.46,232.4 1 0
tablepro/internal/connection/manager.go:233.30,235.22 1 0
tablepro/internal/connection/manager.go:235.22,237.4 1 0
tablepro/internal/connection/manager.go:238.10,240.22 1 0
tablepro/internal/connection/manager.go:240.22,242.4 1 0
tablepro/internal/connection/manager.go:243.3,243.21 1 0
tablepro/internal/connection/manager.go:243.21,245.4 1 0
tablepro/internal/connection/manager.go:249.2,249.22 1 0
tablepro/internal/connection/manager.go:249.22,250.26 1 0
tablepro/internal/connection/manager.go:250.26,252.4 1 0
tablepro/internal/connection/manager.go:253.3,253.30 1 0
tablepro/internal/connection/manager.go:253.30,255.4 1 0
tablepro/internal/connection/manager.go:256.3,256.32 1 0
tablepro/internal/connection/manager.go:256.32,258.4 1 0
tablepro/internal/connection/manager.go:262.2,262.22 1 0
tablepro/internal/connection/manager.go:262.22,263.26 1 0
tablepro/internal/connection/manager.go:263.26,265.4 1 0
tablepro/internal/connection/manager.go:268.2,268.12 1 0
tablepro/internal/connection/manager.go:272.75,278.2 4 0
tablepro/internal/connection/manager.go:281.58,286.37 4 0
tablepro/internal/connection/manager.go:286.37,288.3 1 0
tablepro/internal/connection/manager.go:290.2,290.20 1 0
tablepro/internal/connection/manager.go:294.45,297.47 2 0
tablepro/internal/connection/manager.go:297.47,299.3 1 0
tablepro/internal/connection/manager.go:301.2,302.37 2 0
tablepro/internal/connection/manager.go:302.37,304.3 1 0
tablepro/internal/connection/manager.go:306.2,307.16 2 0
tablepro/internal/connection/manager.go:307.16,309.3 1 0
tablepro/internal/connection/manager.go:311.2,311.63 1 0
tablepro/internal/connection/manager.go:311.63,313.3 1 0
tablepro/internal/connection/manager.go:315.2,315.12 1 0
tablepro/internal/connection/manager.go:321.73,324.2 1 0
tablepro/internal/connection/manager.go:326.80,329.2 1 0
tablepro/internal/connection/manager.go:331.80,334.2 1 0
tablepro/internal/connection/ssl.go:35.60,38.59 2 0
tablepro/internal/connection/ssl.go:38.59,40.3 1 0
tablepro/internal/connection/ssl.go:42.2,42.109 1 0
tablepro/internal/connection/ssl.go:45.43,46.14 1 0
tablepro/internal/connection/ssl.go:47.49,48.19 1 0
tablepro/internal/connection/ssl.go:49.49,50.19 1 0
tablepro/internal/connection/ssl.go:51.44,52.21 1 0
tablepro/internal/connection/ssl.go:53.69,54.23 1 0
tablepro/internal/connection/ssl.go:55.10,56.14 1 0
tablepro/internal/connection/ssl.go:60.57,61.18 1 0
tablepro/internal/connection/ssl.go:61.18,63.3 1 0
tablepro/internal/connection/ssl.go:65.2,66.16 2 0
tablepro/internal/connection/ssl.go:66.16,68.3 1 0
tablepro/internal/connection/ssl.go:70.2,70.41 1 0
tablepro/internal/connection/ssl.go:73.78,78.14 2 0
tablepro/internal/connection/ssl.go:79.25,80.18 1 0
tablepro/internal/connection/ssl.go:82.25,84.24 2 0
tablepro/internal/connection/ssl.go:86.26,87.34 1 0
tablepro/internal/connection/ssl.go:89.28,90.36 1 0
tablepro/internal/connection/ssl.go:92.10,93.59 1 0
tablepro/internal/connection/ssl.go:97.62,102.22 2 0
tablepro/internal/connection/ssl.go:102.22,104.17 2 0
tablepro/internal/connection/ssl.go:104.17,106.4 1 0
tablepro/internal/connection/ssl.go:107.3,107.33 1 0
tablepro/internal/connection/ssl.go:110.2,110.26 1 0
tablepro/internal/connection/ssl.go:110.26,112.17 2 0
tablepro/internal/connection/ssl.go:112.17,114.4 1 0
tablepro/internal/connection/ssl.go:115.3,115.57 1 0
tablepro/internal/connection/ssl.go:118.2,118.23 1 0
tablepro/internal/connection/ssl.go:121.64,123.22 2 0
tablepro/internal/connection/ssl.go:123.22,125.3 1 0
tablepro/internal/connection/ssl.go:127.2,132.22 2 0
tablepro/internal/connection/ssl.go:132.22,134.17 2 0
tablepro/internal/connection/ssl.go:134.17,136.4 1 0
tablepro/internal/connection/ssl.go:137.3,137.33 1 0
tablepro/internal/connection/ssl.go:140.2,140.26 1 0
tablepro/internal/connection/ssl.go:140.26,142.17 2 0
tablepro/internal/connection/ssl.go:142.17,144.4 1 0
tablepro/internal/connection/ssl.go:145.3,145.57 1 0
tablepro/internal/connection/ssl.go:148.2,148.23 1 0
tablepro/internal/connection/ssl.go:151.51,152.16 1 0
tablepro/internal/connection/ssl.go:152.16,154.3 1 0
tablepro/internal/connection/ssl.go:156.2,156.41 1 0
tablepro/internal/connection/ssl.go:156.41,157.25 1 0
tablepro/internal/connection/ssl.go:157.25,159.4 1 0
tablepro/internal/connection/ssl.go:160.3,160.71 1 0
tablepro/internal/connection/ssl.go:163.2,164.16 2 0
tablepro/internal/connection/ssl.go:164.16,166.3 1 0
tablepro/internal/connection/ssl.go:168.2,168.23 1 0
tablepro/internal/connection/ssl.go:171.61,173.16 2 0
tablepro/internal/connection/ssl.go:173.16,175.3 1 0
tablepro/internal/connection/ssl.go:177.2,179.44 2 0
tablepro/internal/connection/ssl.go:179.44,181.3 1 0
tablepro/internal/connection/ssl.go:183.2,184.18 2 0
tablepro/internal/connection/ssl.go:184.18,186.3 1 0
tablepro/internal/connection/ssl.go:188.2,189.16 2 0
tablepro/internal/connection/ssl.go:189.16,191.3 1 0
tablepro/internal/connection/ssl.go:193.2,195.22 2 0
tablepro/internal/connection/ssl.go:198.70,200.16 2 0
tablepro/internal/connection/ssl.go:200.16,202.3 1 0
tablepro/internal/connection/ssl.go:204.2,204.18 1 0
tablepro/internal/connection/ssl.go:207.45,208.18 1 0
tablepro/internal/connection/ssl.go:208.18,210.3 1 0
tablepro/internal/connection/ssl.go:212.2,213.16 2 0
tablepro/internal/connection/ssl.go:213.16,215.3 1 0
tablepro/internal/connection/ssl.go:217.2,217.22 1 0
tablepro/internal/connection/ssl.go:217.22,218.56 1 0
tablepro/internal/connection/ssl.go:218.56,220.4 1 0
tablepro/internal/connection/ssl.go:223.2,223.26 1 0
tablepro/internal/connection/ssl.go:223.26,224.60 1 0
tablepro/internal/connection/ssl.go:224.60,226.4 1 0
tablepro/internal/connection/ssl.go:229.2,229.12 1 0
tablepro/internal/connection/ssl.go:232.57,234.16 2 0
tablepro/internal/connection/ssl.go:234.16,236.3 1 0
tablepro/internal/connection/ssl.go:238.2,245.35 2 0
tablepro/internal/connection/ssl.go:248.53,251.23 2 0
tablepro/internal/connection/ssl.go:251.23,253.3 1 0
tablepro/internal/connection/ssl.go:255.2,255.15 1 0
tablepro/internal/connection/url_parser.go:54.67,62.18 3 1
tablepro/internal/connection/url_parser.go:62.18,64.3 1 1
tablepro/internal/connection/url_parser.go:67.2,70.20 3 1
tablepro/internal/connection/url_parser.go:70.20,73.3 1 1
tablepro/internal/connection/url_parser.go:76.2,76.41 1 1
tablepro/internal/connection/url_parser.go:80.104,92.41 7 1
tablepro/internal/connection/url_parser.go:92.41,94.3 1 1
tablepro/internal/connection/url_parser.go:97.2,115.20 10 1
tablepro/internal/connection/url_parser.go:119.91,122.16 2 1
tablepro/internal/connection/url_parser.go:122.16,124.3 1 0
tablepro/internal/connection/url_parser.go:126.2,130.35 3 1
tablepro/internal/connection/url_parser.go:130.35,132.3 1 1
tablepro/internal/connection/url_parser.go:135.2,141.19 5 1
tablepro/internal/connection/url_parser.go:141.19,143.3 1 1
tablepro/internal/connection/url_parser.go:143.8,145.3 1 1
tablepro/internal/connection/url_parser.go:148.2,151.22 2 1
tablepro/internal/connection/url_parser.go:151.22,153.33 2 1
tablepro/internal/connection/url_parser.go:153.33,154.18 1 1
tablepro/internal/connection/url_parser.go:154.18,156.5 1 1
tablepro/internal/connection/url_parser.go:161.2,163.20 2 1
tablepro/internal/connection/url_parser.go:167.64,169.21 2 1
tablepro/internal/connection/url_parser.go:169.21,171.3 1 1
tablepro/internal/connection/url_parser.go:172.2,172.21 1 1
tablepro/internal/connection/url_parser.go:172.21,174.3 1 1
tablepro/internal/connection/url_parser.go:175.2,175.27 1 1
tablepro/internal/connection/url_parser.go:179.61,182.21 3 1
tablepro/internal/connection/url_parser.go:182.21,184.3 1 1
tablepro/internal/connection/url_parser.go:185.2,185.19 1 1
tablepro/internal/connection/url_parser.go:189.78,191.48 1 1
tablepro/internal/connection/url_parser.go:191.48,197.33 4 1
tablepro/internal/connection/url_parser.go:197.33,199.20 2 1
tablepro/internal/connection/url_parser.go:199.20,201.5 1 1
tablepro/internal/connection/url_parser.go:203.3,203.16 1 1
tablepro/internal/connection/url_parser.go:205.2,205.13 1 1
tablepro/internal/connection/url_parser.go:209.45,211.49 1 1
tablepro/internal/connection/url_parser.go:211.49,213.3 1 1
tablepro/internal/connection/url_parser.go:213.8,213.57 1 1
tablepro/internal/connection/url_parser.go:213.57,215.3 1 1
tablepro/internal/connection/url_parser.go:219.40,234.2 2 1
tablepro/internal/connection/url_parser.go:236.48,237.16 1 1
tablepro/internal/connection/url_parser.go:238.32,239.24 1 1
tablepro/internal/connection/url_parser.go:240.15,241.19 1 1
tablepro/internal/connection/url_parser.go:242.26,243.21 1 1
tablepro/internal/connection/url_parser.go:244.15,245.19 1 1
tablepro/internal/connection/url_parser.go:246.16,247.20 1 1
tablepro/internal/connection/url_parser.go:248.16,249.20 1 1
tablepro/internal/connection/url_parser.go:250.28,251.19 1 1
tablepro/internal/connection/url_parser.go:252.20,253.24 1 1
tablepro/internal/connection/url_parser.go:254.10,255.30 1 1
tablepro/internal/connection/url_parser.go:260.57,263.19 2 1
tablepro/internal/connection/url_parser.go:263.19,266.3 2 1
tablepro/internal/connection/url_parser.go:266.8,269.3 2 1
tablepro/internal/connection/url_parser.go:271.2,271.22 1 1
tablepro/internal/connection/url_parser.go:271.22,273.23 2 1
tablepro/internal/connection/url_parser.go:273.23,276.4 2 1
tablepro/internal/connection/url_parser.go:277.3,277.27 1 1
tablepro/internal/connection/url_parser.go:280.2,281.16 2 1
tablepro/internal/connection/url_parser.go:281.16,284.3 2 1
tablepro/internal/connection/url_parser.go:286.2,286.22 1 1
tablepro/internal/connection/url_parser.go:286.22,289.3 2 1
tablepro/internal/connection/url_parser.go:292.2,292.23 1 1
tablepro/internal/connection/url_parser.go:292.23,295.30 3 1
tablepro/internal/connection/url_parser.go:295.30,296.14 1 1
tablepro/internal/connection/url_parser.go:296.14,298.5 1 1
tablepro/internal/connection/url_parser.go:299.4,302.17 4 1
tablepro/internal/connection/url_parser.go:306.2,306.25 1 1
